<?xml version="1.0" encoding="UTF-8"?>
<testsuite name="com.practice.blackjack.SuitTest" tests="1" skipped="0" failures="0" errors="0" timestamp="2023-07-09T00:35:01" hostname="Sameers-MacBook-Pro.local" time="0.006">
  <properties/>
  <testcase name="heartPrintsHeart()" classname="com.practice.blackjack.SuitTest" time="0.006"/>
  <system-out><![CDATA[]]></system-out>
  <system-err><![CDATA[]]></system-err>
</testsuite>
